
> chispito@0.1.0 pages:build
> npx @opennextjs/cloudflare build


ÔöîÔöÇÔöÇÔöÇÔöÇÔöÇÔöÇÔöÇÔöÇÔöÇÔöÇÔöÇÔöÇÔöÇÔöÇÔöÇÔöÇÔöÇÔöÇÔöÇÔöÇÔöÇÔöÇÔöÇÔöÇÔöÇÔöÇÔöÇÔöÇÔöÇÔöÉ
Ôöé OpenNext ÔÇö Cloudflare build Ôöé
ÔööÔöÇÔöÇÔöÇÔöÇÔöÇÔöÇÔöÇÔöÇÔöÇÔöÇÔöÇÔöÇÔöÇÔöÇÔöÇÔöÇÔöÇÔöÇÔöÇÔöÇÔöÇÔöÇÔöÇÔöÇÔöÇÔöÇÔöÇÔöÇÔöÇÔöÿ

node.exe : WARN OpenNext is not fully 
compatible with Windows.
En línea: 1 Carácter: 1
+ & "C:\Program Files\nodejs/node.exe" 
"C:\Program Files\nodejs/node_mo ...
+ ~~~~~~~~~~~~~~~~~~~~~~~~~~~~~~~~~~~~~~~~~~~~~
~~~~~~~~~~~~~~~~~~~~~~~~
    + CategoryInfo          : NotSpecified:    
 (WARN OpenNext i...e with Windows.:Str    
ing) [], RemoteException
    + FullyQualifiedErrorId : NativeCommand    
Error
 
WARN For optimal performance, it is 
recommended to use Windows Subsystem for Linux 
(WSL).
WARN While OpenNext may function on Windows, 
it could encounter unpredictable failures 
during runtime.
App directory: D:\Paginas_web\Sistema educacion Basica\Chispito.mx
Next.js version : 16.1.6
@opennextjs/cloudflare version: 1.17.1
@opennextjs/aws version: 3.9.16

ÔöîÔöÇÔöÇÔöÇÔöÇÔöÇÔöÇÔöÇÔöÇÔöÇÔöÇÔöÇÔöÇÔöÇÔöÇÔöÇÔöÇÔöÇÔöÇÔöÇÔöÇÔöÇÔöÇÔöÇÔöÇÔöÇÔöÇÔöÇÔöÇÔöÇÔöÇÔöÇÔöÇÔöÇÔöÉ
Ôöé OpenNext ÔÇö Building Next.js app Ôöé
ÔööÔöÇÔöÇÔöÇÔöÇÔöÇÔöÇÔöÇÔöÇÔöÇÔöÇÔöÇÔöÇÔöÇÔöÇÔöÇÔöÇÔöÇÔöÇÔöÇÔöÇÔöÇÔöÇÔöÇÔöÇÔöÇÔöÇÔöÇÔöÇÔöÇÔöÇÔöÇÔöÇÔöÇÔöÿ


> chispito@0.1.0 build
> next build

ÔÜá `eslint` configuration in next.config.ts 
is no longer supported. See more info here: htt
ps://nextjs.org/docs/app/api-reference/cli/next
#next-lint-options
ÔÜá Invalid next.config.ts options detected: 
ÔÜá     Unrecognized key(s) in object: 'eslint'
ÔÜá See more info here: https://nextjs.org/docs
/messages/invalid-next-config
Ôû▓ Next.js 16.1.6 (Turbopack)
- Environments: .env.local

  Creating an optimized production build ...
Turbopack build encountered 3 warnings:
./src/app/api/libro-sep/[...path]/route.ts:34:3
7
Ecmascript file had an error
[0m [90m 32 |[39m         [36mconst[39m { 
[36mdefault[39m[33m:[39m path } 
[33m=[39m [36mawait[39m 
[36mimport[39m([32m"path"[39m)[33m;[39m
 [90m 33 |[39m
[31m[1m>[22m[39m[90m 34 |[39m         
[36mconst[39m librosDir [33m=[39m path[33m
.[39mjoin(process[33m.[39mcwd()[33m,[39m 
[32m"libros-sep"[39m)[33m;[39m
 [90m    |[39m                               
      [31m[1m^[22m[39m[31m[1m^[22m[39m
[31m[1m^[22m[39m[31m[1m^[22m[39m[31m[1
m^[22m[39m[31m[1m^[22m[39m[31m[1m^[22m
[39m[31m[1m^[22m[39m[31m[1m^[22m[39m[
31m[1m^[22m[39m[31m[1m^[22m[39m
 [90m 35 |[39m         [36mconst[39m 
filePath [33m=[39m 
path[33m.[39mjoin(librosDir[33m,[39m 
[33m...[39msegments)[33m;[39m
 [90m 36 |[39m
 [90m 37 |[39m         [90m// Seguridad: 
evitar directory traversal[39m[0m

A Node.js API is used (process.cwd at line: 
34) which is not supported in the Edge Runtime.
Learn more: https://nextjs.org/docs/api-referen
ce/edge-runtime


./src/app/api/libro-sep/[...path]/route.ts:31:3
9
Ecmascript file had an error
[0m [90m 29 |[39m     [90m// ÔöÇÔöÇ 
DESARROLLO: servir desde sistema de archivos 
local ÔöÇÔöÇ[39m
 [90m 30 |[39m     [36mtry[39m {
[31m[1m>[22m[39m[90m 31 |[39m         
[36mconst[39m { [36mdefault[39m[33m:[39m 
fs } [33m=[39m [36mawait[39m 
[36mimport[39m([32m"fs"[39m)[33m;[39m
 [90m    |[39m                               
        [31m[1m^[22m[39m[31m[1m^[22m[39
m[31m[1m^[22m[39m[31m[1m^[22m[39m[31m
[1m^[22m[39m[31m[1m^[22m[39m[31m[1m^[2
2m[39m[31m[1m^[22m[39m[31m[1m^[22m[39m
[31m[1m^[22m[39m[31m[1m^[22m[39m[31m[
1m^[22m[39m
 [90m 32 |[39m         [36mconst[39m { 
[36mdefault[39m[33m:[39m path } 
[33m=[39m [36mawait[39m 
[36mimport[39m([32m"path"[39m)[33m;[39m
 [90m 33 |[39m
 [90m 34 |[39m         [36mconst[39m 
librosDir [33m=[39m path[33m.[39mjoin(proce
ss[33m.[39mcwd()[33m,[39m 
[32m"libros-sep"[39m)[33m;[39m[0m

A Node.js module is loaded ('fs' at line 31) 
which is not supported in the Edge Runtime.
Learn More: https://nextjs.org/docs/messages/no
de-module-in-edge-runtime


./src/app/api/libro-sep/[...path]/route.ts:32:4
1
Ecmascript file had an error
[0m [90m 30 |[39m     [36mtry[39m {
 [90m 31 |[39m         [36mconst[39m { 
[36mdefault[39m[33m:[39m fs } [33m=[39m 
[36mawait[39m 
[36mimport[39m([32m"fs"[39m)[33m;[39m
[31m[1m>[22m[39m[90m 32 |[39m         
[36mconst[39m { [36mdefault[39m[33m:[39m 
path } [33m=[39m [36mawait[39m 
[36mimport[39m([32m"path"[39m)[33m;[39m
 [90m    |[39m                               
          [31m[1m^[22m[39m[31m[1m^[22m[
39m[31m[1m^[22m[39m[31m[1m^[22m[39m[31
m[1m^[22m[39m[31m[1m^[22m[39m[31m[1m^
[22m[39m[31m[1m^[22m[39m[31m[1m^[22m[3
9m[31m[1m^[22m[39m[31m[1m^[22m[39m[31m
[1m^[22m[39m[31m[1m^[22m[39m[31m[1m^[
22m[39m
 [90m 33 |[39m
 [90m 34 |[39m         [36mconst[39m 
librosDir [33m=[39m path[33m.[39mjoin(proce
ss[33m.[39mcwd()[33m,[39m 
[32m"libros-sep"[39m)[33m;[39m
 [90m 35 |[39m         [36mconst[39m 
filePath [33m=[39m 
path[33m.[39mjoin(librosDir[33m,[39m 
[33m...[39msegments)[33m;[39m[0m

A Node.js module is loaded ('path' at line 32) 
which is not supported in the Edge Runtime.
Learn More: https://nextjs.org/docs/messages/no
de-module-in-edge-runtime


Ô£ô Compiled successfully in 12.2s
  Skipping validation of types
  Collecting page data using 63 workers ...
ÔÜá Using edge runtime on a page currently 
disables static generation for that page
  Generating static pages using 63 workers (0/627) ...
  Generating static pages using 63 workers (156/627) 
  Generating static pages using 63 workers (313/627) 
  Generating static pages using 63 workers (470/627) 
Ô£ô Generating static pages using 63 workers (627/627) in 7.1s
  Finalizing page optimization ...

Route (app)
Ôöî Ôùï /
Ôö£ Ôùï /_not-found
Ôö£ ÔùÅ /[grado]
Ôöé Ôö£ /preescolar-1
Ôöé Ôö£ /preescolar-2
Ôöé Ôö£ /kinder
Ôöé Ôöö [+9 more paths]
Ôö£ ÔùÅ /[grado]/[materia]
Ôöé Ôö£ /kinder/matematicas
Ôöé Ôö£ /kinder/espanol
Ôöé Ôö£ /preescolar-1/artes
Ôöé Ôöö [+82 more paths]
Ôö£ ÔùÅ /[grado]/[materia]/[bloque]
Ôöé Ôö£ /kinder/matematicas/bloque-1
Ôöé Ôö£ /kinder/matematicas/bloque-2
Ôöé Ôö£ /kinder/matematicas/bloque-3
Ôöé Ôöö [+481 more paths]
Ôö£ ãÆ /api/clip/checkout
Ôö£ ãÆ /api/clip/cuadernillo
Ôö£ ãÆ /api/clip/webhook
Ôö£ ãÆ /api/libro-sep/[...path]
Ôö£ ãÆ /auth/callback
Ôö£ ãÆ /auth/signout
Ôö£ Ôùï /blog
Ôö£ Ôùï /cuadernillos
Ôö£ ÔùÅ /cuadernillos/[grado]
Ôöé Ôö£ /cuadernillos/preescolar-1
Ôöé Ôö£ /cuadernillos/preescolar-2
Ôöé Ôö£ /cuadernillos/kinder
Ôöé Ôöö [+15 more paths]
Ôö£ Ôùï /cuadernillos/primaria-1
Ôö£ ÔùÅ /guia-mensual/[grado]
Ôöé Ôö£ /guia-mensual/preescolar-1
Ôöé Ôö£ /guia-mensual/preescolar-2
Ôöé Ôö£ /guia-mensual/kinder
Ôöé Ôöö [+9 more paths]
Ôö£ Ôùï /icon.svg
Ôö£ ãÆ /libro-sep/[grado]/[tipo]
Ôö£ Ôùï /login
Ôö£ ãÆ /mi-cuenta
Ôö£ Ôùï /opengraph-image
Ôö£ Ôùï /pago-error
Ôö£ Ôùï /pago-exitoso
Ôö£ ãÆ /pipi-story/[grado]/[mes]
Ôö£ Ôùï /planes
Ôö£ Ôùï /privacidad
Ôö£ Ôùï /robots.txt
Ôö£ Ôùï /sitemap.xml
Ôö£ Ôùï /terminos
Ôöö Ôùï /universo


Ôùï  (Static)   prerendered as static content
ÔùÅ  (SSG)      prerendered as static HTML (uses generateStaticParams)
ãÆ  (Dynamic)  server-rendered on demand


ÔöîÔöÇÔöÇÔöÇÔöÇÔöÇÔöÇÔöÇÔöÇÔöÇÔöÇÔöÇÔöÇÔöÇÔöÇÔöÇÔöÇÔöÇÔöÇÔöÇÔöÇÔöÇÔöÇÔöÇÔöÇÔöÇÔöÇÔöÇÔöÇÔöÇÔöÇÔöÉ
Ôöé OpenNext ÔÇö Generating bundle Ôöé
ÔööÔöÇÔöÇÔöÇÔöÇÔöÇÔöÇÔöÇÔöÇÔöÇÔöÇÔöÇÔöÇÔöÇÔöÇÔöÇÔöÇÔöÇÔöÇÔöÇÔöÇÔöÇÔöÇÔöÇÔöÇÔöÇÔöÇÔöÇÔöÇÔöÇÔöÇÔöÿ

Bundling middleware function...
Bundling static assets...
Bundling cache assets...
Building server function: default...
Applying code patches: 5.845s
# copyPackageTemplateFiles
[35mÔÜÖ´©Å Bundling the OpenNext server...
[0m
[35mWorker saved in `.open-next\worker.js` ­ƒÜÇ
[0m
OpenNext build complete.
